<?xml version="1.0" encoding="UTF-8"?>
<!-- Generated by org.testng.reporters.JUnitReportReporter -->
<testsuite skipped="0" hostname="kannans-w05" name="com.vmware.testng.ThreadTestNG" tests="5" failures="0" timestamp="29 Aug 2017 03:36:38 GMT" time="6.027" errors="0">
  <testcase name="Test3" time="3.009" classname="com.vmware.testng.ThreadTestNG"/>
  <testcase name="Test1" time="2.004" classname="com.vmware.testng.ThreadTestNG"/>
  <testcase name="Test2" time="1.003" classname="com.vmware.testng.ThreadTestNG"/>
  <testcase name="a1" time="0.005" classname="com.vmware.testng.ThreadTestNG"/>
  <testcase name="b1" time="0.006" classname="com.vmware.testng.ThreadTestNG"/>
</testsuite> <!-- com.vmware.testng.ThreadTestNG -->
