<?xml version="1.0" encoding="UTF-8"?>
<!-- Generated by org.testng.reporters.JUnitReportReporter -->
<testsuite skipped="1" hostname="kannans-w05" name="com.vmware.test.selenium.Cricketer" tests="6" failures="0" timestamp="11 Nov 2017 08:16:24 GMT" time="0.025" errors="0">
  <testcase name="blower" time="0.002" classname="com.vmware.test.selenium.Cricketer"/>
  <testcase name="blower" time="0.002" classname="com.vmware.test.selenium.Cricketer"/>
  <testcase name="batman" time="0.014" classname="com.vmware.test.selenium.Cricketer"/>
  <testcase name="blower" time="0.002" classname="com.vmware.test.selenium.Cricketer"/>
  <testcase name="batman" time="0.005" classname="com.vmware.test.selenium.Cricketer"/>
  <testcase name="wicketkeeper" classname="com.vmware.test.selenium.Cricketer">
    <skipped/>
  </testcase> <!-- wicketkeeper -->
</testsuite> <!-- com.vmware.test.selenium.Cricketer -->
