<?xml version="1.0" encoding="UTF-8"?>
<!-- Generated by org.testng.reporters.JUnitReportReporter -->
<testsuite skipped="4" hostname="kannans-w05" name="com.vmware.testng.facebook.Helper" tests="5" failures="0" timestamp="23 Aug 2017 16:00:16 GMT" time="0.082" errors="0">
  <testcase name="cmdLine" time="0.082" classname="com.vmware.testng.facebook.Helper"/>
  <testcase name="fbCode" classname="com.vmware.testng.facebook.Helper">
    <skipped/>
  </testcase> <!-- fbCode -->
  <testcase name="nettour" classname="com.vmware.testng.facebook.Helper">
    <skipped/>
  </testcase> <!-- nettour -->
  <testcase name="fbkey" classname="com.vmware.testng.facebook.Helper">
    <skipped/>
  </testcase> <!-- fbkey -->
  <testcase name="irctcCode" classname="com.vmware.testng.facebook.Helper">
    <skipped/>
  </testcase> <!-- irctcCode -->
</testsuite> <!-- com.vmware.testng.facebook.Helper -->
