<?xml version="1.0" encoding="UTF-8"?>
<!-- Generated by org.testng.reporters.JUnitReportReporter -->
<testsuite skipped="0" hostname="kannans-w05" name="com.vmware.testnggroup.DemoTestNGExcel" tests="2" failures="0" timestamp="03 Nov 2017 03:30:12 GMT" time="0.007" errors="0">
  <testcase name="writeExcel" time="0.001" classname="com.vmware.testnggroup.DemoTestNGExcel"/>
  <testcase name="readExcel" time="0.006" classname="com.vmware.testnggroup.DemoTestNGExcel"/>
</testsuite> <!-- com.vmware.testnggroup.DemoTestNGExcel -->
