<?xml version="1.0" encoding="UTF-8"?>
<!-- Generated by org.testng.reporters.JUnitReportReporter -->
<testsuite skipped="0" hostname="kannans-w05" name="com.vmware.testng.ExtendThreadTestNG" tests="7" failures="0" timestamp="29 Aug 2017 03:36:38 GMT" time="6.057" errors="0">
  <testcase name="b1" time="0.003" classname="com.vmware.testng.ExtendThreadTestNG"/>
  <testcase name="a1" time="0.005" classname="com.vmware.testng.ExtendThreadTestNG"/>
  <testcase name="Test1" time="2.007" classname="com.vmware.testng.ExtendThreadTestNG"/>
  <testcase name="Test3" time="3.013" classname="com.vmware.testng.ExtendThreadTestNG"/>
  <testcase name="extendTest1" time="0.011" classname="com.vmware.testng.ExtendThreadTestNG"/>
  <testcase name="Test2" time="1.013" classname="com.vmware.testng.ExtendThreadTestNG"/>
  <testcase name="extendTest2" time="0.005" classname="com.vmware.testng.ExtendThreadTestNG"/>
</testsuite> <!-- com.vmware.testng.ExtendThreadTestNG -->
