<?xml version="1.0" encoding="UTF-8"?>
<!-- Generated by org.testng.reporters.JUnitReportReporter -->
<testsuite skipped="0" hostname="kannans-w05" name="com.vmware.testng.facebook.FacebookPage" tests="1" failures="0" timestamp="15 Aug 2017 05:30:17 GMT" time="6.648" errors="0">
  <testcase name="FacebookPage" time="6.648" classname="com.vmware.testng.facebook.FacebookPage"/>
</testsuite> <!-- com.vmware.testng.facebook.FacebookPage -->
