<?xml version="1.0" encoding="UTF-8"?>
<!-- Generated by org.testng.reporters.JUnitReportReporter -->
<testsuite skipped="0" hostname="kannans-w05" name="com.vmware.test.selenium.TestBase" tests="9" failures="0" timestamp="11 Aug 2017 02:45:48 GMT" time="0.020" errors="0">
  <testcase name="batman" time="0.002" classname="com.vmware.test.selenium.TestBase"/>
  <testcase name="batman" time="0.002" classname="com.vmware.test.selenium.TestBase"/>
  <testcase name="blower" time="0.001" classname="com.vmware.test.selenium.TestBase"/>
  <testcase name="wicketkeeper" time="0.002" classname="com.vmware.test.selenium.TestBase"/>
  <testcase name="blower" time="0.002" classname="com.vmware.test.selenium.TestBase"/>
  <testcase name="batman" time="0.007" classname="com.vmware.test.selenium.TestBase"/>
  <testcase name="batman" time="0.002" classname="com.vmware.test.selenium.TestBase"/>
  <testcase name="over" time="0.001" classname="com.vmware.test.selenium.TestBase"/>
  <testcase name="run" time="0.001" classname="com.vmware.test.selenium.TestBase"/>
</testsuite> <!-- com.vmware.test.selenium.TestBase -->
