<?xml version="1.0" encoding="UTF-8"?>
<!-- Generated by org.testng.reporters.JUnitReportReporter -->
<testsuite skipped="2" hostname="kannans-w05" name="com.vmware.test.selenium.MMproj" tests="4" failures="0" timestamp="10 Aug 2017 02:23:18 GMT" time="8.765" errors="0">
  <testcase name="readIO" time="0.230" classname="com.vmware.test.selenium.MMproj"/>
  <testcase name="games" time="8.535" classname="com.vmware.test.selenium.MMproj"/>
  <testcase name="sp" classname="com.vmware.test.selenium.MMproj">
    <skipped/>
  </testcase> <!-- sp -->
  <testcase name="main" classname="com.vmware.test.selenium.MMproj">
    <skipped/>
  </testcase> <!-- main -->
</testsuite> <!-- com.vmware.test.selenium.MMproj -->
