<?xml version="1.0" encoding="UTF-8"?>
<!-- Generated by org.testng.reporters.JUnitReportReporter -->
<testsuite skipped="0" hostname="kannans-w05" name="com.vmware.testng.Month" tests="10" failures="0" timestamp="08 Aug 2017 16:32:41 GMT" time="6.072" errors="0">
  <testcase name="may" time="0.003" classname="com.vmware.testng.Month"/>
  <testcase name="aug" time="1.006" classname="com.vmware.testng.Month"/>
  <testcase name="aug" time="1.004" classname="com.vmware.testng.Month"/>
  <testcase name="feb" time="1.015" classname="com.vmware.testng.Month"/>
  <testcase name="aug" time="1.007" classname="com.vmware.testng.Month"/>
  <testcase name="dec" time="0.006" classname="com.vmware.testng.Month"/>
  <testcase name="jan" time="0.006" classname="com.vmware.testng.Month"/>
  <testcase name="aug" time="1.009" classname="com.vmware.testng.Month"/>
  <testcase name="aug" time="1.014" classname="com.vmware.testng.Month"/>
  <testcase name="mar" time="0.002" classname="com.vmware.testng.Month"/>
</testsuite> <!-- com.vmware.testng.Month -->
